<?xml version="1.0" encoding="UTF-8"?>
<testsuite xmlns:xsi="http://www.w3.org/2001/XMLSchema-instance" xsi:noNamespaceSchemaLocation="https://maven.apache.org/surefire/maven-surefire-plugin/xsd/surefire-test-report.xsd" version="3.0.2" name="com.devteria.friend.service.FriendServiceTest" time="2.541" tests="13" errors="0" skipped="0" failures="0" flakes="0">
  <properties>
[...]
</properties>
  <testcase name="blockUser_alreadyBlocked_throwsAlreadyBlocked" classname="com.devteria.friend.service.FriendServiceTest" time="2.368">
    <system-err><![CDATA[Mockito is currently self-attaching to enable the inline-mock-maker. This will no longer work in future releases of the JDK. Please add Mockito as an agent to your build as described in Mockito's documentation: https://javadoc.io/doc/org.mockito/mockito-core/latest/org.mockito/org/mockito/Mockito.html#0.3
WARNING: A Java agent has been loaded dynamically (C:\Users\THAI DUONG\.m2\repository\net\bytebuddy\byte-buddy-agent\1.18.11\byte-buddy-agent-1.18.11.jar)
WARNING: If a serviceability tool is in use, please run with -XX:+EnableDynamicAgentLoading to hide this warning
WARNING: If a serviceability tool is not in use, please run with -Djdk.instrument.traceUsage for more information
WARNING: Dynamic loading of agents will be disallowed by default in a future release
]]></system-err>
  </testcase>
  <testcase name="sendRequest_alreadyPending_throwsAlreadyPending" classname="com.devteria.friend.service.FriendServiceTest" time="0.014"/>
  <testcase name="sendRequest_blockedBySender_throwsBlocked" classname="com.devteria.friend.service.FriendServiceTest" time="0.009"/>
  <testcase name="getFriendshipStatus_currentUserBlockedOther_returnsBlocked" classname="com.devteria.friend.service.FriendServiceTest" time="0.009"/>
  <testcase name="sendRequest_reverseRequestPending_autoAcceptsInsteadOfCreatingNew" classname="com.devteria.friend.service.FriendServiceTest" time="0.022"/>
  <testcase name="sendRequest_blockedByReceiver_throwsBlocked" classname="com.devteria.friend.service.FriendServiceTest" time="0.008"/>
  <testcase name="blockUser_duplicateKeyRace_throwsAlreadyBlocked" classname="com.devteria.friend.service.FriendServiceTest" time="0.014"/>
  <testcase name="getFriendshipStatus_otherBlockedCurrentUser_returnsBlockedBy" classname="com.devteria.friend.service.FriendServiceTest" time="0.007"/>
  <testcase name="blockUser_noExistingFriendRequest_doesNotThrow" classname="com.devteria.friend.service.FriendServiceTest" time="0.016"/>
  <testcase name="sendRequest_duplicateKeyRace_throwsAlreadyPending" classname="com.devteria.friend.service.FriendServiceTest" time="0.007"/>
  <testcase name="blockUser_self_throwsCannotBlockYourself" classname="com.devteria.friend.service.FriendServiceTest" time="0.005"/>
  <testcase name="sendRequest_toSelf_throwsCannotFriendYourself" classname="com.devteria.friend.service.FriendServiceTest" time="0.005"/>
  <testcase name="blockUser_cancelsPendingRequestBothDirections" classname="com.devteria.friend.service.FriendServiceTest" time="0.007"/>
</testsuite>